1651003846188	geckodriver	INFO	Listening on 127.0.0.1:55285
1651003848215	mozrunner::runner	INFO	Running command: "/usr/bin/firefox" "--marionette" "--remote-debugging-port" "57933" "--remote-allow-hosts" "localhost" "-no-remote" "-profile" "/tmp/rust_mozprofiley84RB1"
ATTENTION: default value of option mesa_glthread overridden by environment.
ATTENTION: default value of option mesa_glthread overridden by environment.
ATTENTION: default value of option mesa_glthread overridden by environment.
ATTENTION: default value of option mesa_glthread overridden by environment.
1651003854685	Marionette	INFO	Marionette enabled
console.warn: SearchSettings: "get: No settings file exists, new profile?" (new NotFoundError("Could not open the file at /tmp/rust_mozprofiley84RB1/search.json.mozlz4", (void 0)))
console.error: Region.jsm: "Error fetching region" (new AbortError("The operation was aborted. ", (void 0), 770))
console.error: Region.jsm: "Failed to fetch region" (new Error("NO_RESULT", "resource://gre/modules/Region.jsm", 419))
JavaScript error: resource://activity-stream/lib/ActivityStreamPrefs.jsm, line 27: NS_ERROR_ILLEGAL_VALUE: Component returned failure code: 0x80070057 (NS_ERROR_ILLEGAL_VALUE) [nsIPrefBranch.removeObserver]
console.warn: services.settings: main/query-stripping sync interrupted by shutdown
console.warn: TopSitesFeed: Failed to fetch data from Contile server: NetworkError when attempting to fetch resource.
JavaScript error: resource://gre/modules/ExtensionSettingsStore.jsm, line 122: Error: The ExtensionSettingsStore was accessed before the initialize promise resolved.
console.log: "RemoteSettingsWorker error: Error: Can't import when we've started shutting down."
console.log: "RemoteSettingsWorker error: Error: Can't import when we've started shutting down."
console.log: "RemoteSettingsWorker error: Error: Can't import when we've started shutting down."
1651004396160	geckodriver	INFO	Listening on 127.0.0.1:49615
1651004396268	mozrunner::runner	INFO	Running command: "/usr/bin/firefox" "--marionette" "--remote-debugging-port" "38391" "--remote-allow-hosts" "localhost" "-no-remote" "-profile" "/tmp/rust_mozprofileqMhBTN"
ATTENTION: default value of option mesa_glthread overridden by environment.
ATTENTION: default value of option mesa_glthread overridden by environment.
ATTENTION: default value of option mesa_glthread overridden by environment.
ATTENTION: default value of option mesa_glthread overridden by environment.
1651004398187	Marionette	INFO	Marionette enabled
console.warn: SearchSettings: "get: No settings file exists, new profile?" (new NotFoundError("Could not open the file at /tmp/rust_mozprofileqMhBTN/search.json.mozlz4", (void 0)))
DevTools listening on ws://localhost:38391/devtools/browser/689cdc41-0df2-41da-b19d-67068ca2a4af
1651004404747	Marionette	INFO	Listening on port 35859
Read port: 35859
1651004404983	RemoteAgent	WARN	TLS certificate errors will be ignored for this session
1651004414902	Marionette	INFO	Stopped listening on port 35859
1651004440805	geckodriver	INFO	Listening on 127.0.0.1:58139
1651004440900	mozrunner::runner	INFO	Running command: "/usr/bin/firefox" "--marionette" "--remote-debugging-port" "60785" "--remote-allow-hosts" "localhost" "-no-remote" "-profile" "/tmp/rust_mozprofileZ95Cyo"
ATTENTION: default value of option mesa_glthread overridden by environment.
ATTENTION: default value of option mesa_glthread overridden by environment.
ATTENTION: default value of option mesa_glthread overridden by environment.
ATTENTION: default value of option mesa_glthread overridden by environment.
1651004442679	Marionette	INFO	Marionette enabled
console.warn: SearchSettings: "get: No settings file exists, new profile?" (new NotFoundError("Could not open the file at /tmp/rust_mozprofileZ95Cyo/search.json.mozlz4", (void 0)))
DevTools listening on ws://localhost:60785/devtools/browser/0e11f9da-3cd6-4e3d-a71f-bd05d1dcbbd0
1651004448830	Marionette	INFO	Listening on port 39253
Read port: 39253
1651004448955	RemoteAgent	WARN	TLS certificate errors will be ignored for this session
JavaScript error: https://static.wbstatic.net/j/spa/index.min.js?465cd5a27207790f, line 164: Error: 
1651004460630	Marionette	INFO	Stopped listening on port 39253
1651004495079	geckodriver	INFO	Listening on 127.0.0.1:52817
1651004495185	mozrunner::runner	INFO	Running command: "/usr/bin/firefox" "--marionette" "--remote-debugging-port" "53965" "--remote-allow-hosts" "localhost" "-no-remote" "-profile" "/tmp/rust_mozprofileAeVsHb"
ATTENTION: default value of option mesa_glthread overridden by environment.
ATTENTION: default value of option mesa_glthread overridden by environment.
ATTENTION: default value of option mesa_glthread overridden by environment.
ATTENTION: default value of option mesa_glthread overridden by environment.
1651004496984	Marionette	INFO	Marionette enabled
console.warn: SearchSettings: "get: No settings file exists, new profile?" (new NotFoundError("Could not open the file at /tmp/rust_mozprofileAeVsHb/search.json.mozlz4", (void 0)))
DevTools listening on ws://localhost:53965/devtools/browser/23cbea02-66fe-473d-a6dd-4aee3e22dcdb
1651004502794	Marionette	INFO	Listening on port 36837
Read port: 36837
1651004502853	RemoteAgent	WARN	TLS certificate errors will be ignored for this session
1651004513409	Marionette	INFO	Stopped listening on port 36837
1651087339230	geckodriver	INFO	Listening on 127.0.0.1:59579
1651087340972	mozrunner::runner	INFO	Running command: "/usr/bin/firefox" "--marionette" "--remote-debugging-port" "40193" "--remote-allow-hosts" "localhost" "-no-remote" "-profile" "/tmp/rust_mozprofileOqh935"
ATTENTION: default value of option mesa_glthread overridden by environment.
ATTENTION: default value of option mesa_glthread overridden by environment.
ATTENTION: default value of option mesa_glthread overridden by environment.
ATTENTION: default value of option mesa_glthread overridden by environment.
1651087345442	Marionette	INFO	Marionette enabled
console.warn: SearchSettings: "get: No settings file exists, new profile?" (new NotFoundError("Could not open the file at /tmp/rust_mozprofileOqh935/search.json.mozlz4", (void 0)))
DevTools listening on ws://localhost:40193/devtools/browser/5ac8c17b-98ef-4771-a82c-5dc4295c4157
1651087359560	Marionette	INFO	Listening on port 37301
Read port: 37301
1651087359857	RemoteAgent	WARN	TLS certificate errors will be ignored for this session
